<?xml version="1.0" encoding="UTF-8"?>
<testng-results ignored="0" total="1" passed="0" failed="0" skipped="1">
  <reporter-output>
  </reporter-output>
  <suite started-at="2024-05-11T13:33:11Z" name="Default suite" finished-at="2024-05-11T13:33:17Z" duration-ms="5738">
    <groups>
    </groups>
    <test started-at="2024-05-11T13:33:11Z" name="Default test" finished-at="2024-05-11T13:33:17Z" duration-ms="5738">
      <class name="com.profinch.obp.ProfinchSeleniumOBP">
        <test-method is-config="true" signature="setup()[pri:0, instance:com.profinch.obp.ProfinchSeleniumOBP@655f7ea]" started-at="2024-05-11T16:33:11Z" name="setup" finished-at="2024-05-11T16:33:11Z" duration-ms="0" status="FAIL">
          <exception class="org.openqa.selenium.SessionNotCreatedException">
            <message>
              <![CDATA[session not created: This version of ChromeDriver only supports Chrome version 121
Current browser version is 124.0.6367.119 with binary path C:\Program Files\Google\Chrome\Application\chrome.exe
Build info: version: '3.141.59', revision: 'e82be7d358', time: '2018-11-14T08:17:03'
System info: host: 'IT-DEV-22', ip: '192.168.1.85', os.name: 'Windows 11', os.arch: 'amd64', os.version: '10.0', java.version: '21.0.2'
Driver info: driver.version: ChromeDriver
remote stacktrace: 	GetHandleVerifier [0x00007FF70A4E5E42+3538674]
	(No symbol) [0x00007FF70A104C02]
	(No symbol) [0x00007FF709FB5AEB]
	(No symbol) [0x00007FF709FEC512]
	(No symbol) [0x00007FF709FEB872]
	(No symbol) [0x00007FF709FE5106]
	(No symbol) [0x00007FF709FE21C8]
	(No symbol) [0x00007FF70A0294B9]
	(No symbol) [0x00007FF70A01EE53]
	(No symbol) [0x00007FF709FEF514]
	(No symbol) [0x00007FF709FF0631]
	GetHandleVerifier [0x00007FF70A516CAD+3738973]
	GetHandleVerifier [0x00007FF70A56C506+4089270]
	GetHandleVerifier [0x00007FF70A564823+4057299]
	GetHandleVerifier [0x00007FF70A235C49+720121]
	(No symbol) [0x00007FF70A11126F]
	(No symbol) [0x00007FF70A10C304]
	(No symbol) [0x00007FF70A10C432]
	(No symbol) [0x00007FF70A0FBD04]
	BaseThreadInitThunk [0x00007FFE4133257D+29]
	RtlUserThreadStart [0x00007FFE42C6AA58+40]
]]>
            </message>
            <full-stacktrace>
              <![CDATA[org.openqa.selenium.SessionNotCreatedException: session not created: This version of ChromeDriver only supports Chrome version 121
Current browser version is 124.0.6367.119 with binary path C:\Program Files\Google\Chrome\Application\chrome.exe
Build info: version: '3.141.59', revision: 'e82be7d358', time: '2018-11-14T08:17:03'
System info: host: 'IT-DEV-22', ip: '192.168.1.85', os.name: 'Windows 11', os.arch: 'amd64', os.version: '10.0', java.version: '21.0.2'
Driver info: driver.version: ChromeDriver
remote stacktrace: 	GetHandleVerifier [0x00007FF70A4E5E42+3538674]
	(No symbol) [0x00007FF70A104C02]
	(No symbol) [0x00007FF709FB5AEB]
	(No symbol) [0x00007FF709FEC512]
	(No symbol) [0x00007FF709FEB872]
	(No symbol) [0x00007FF709FE5106]
	(No symbol) [0x00007FF709FE21C8]
	(No symbol) [0x00007FF70A0294B9]
	(No symbol) [0x00007FF70A01EE53]
	(No symbol) [0x00007FF709FEF514]
	(No symbol) [0x00007FF709FF0631]
	GetHandleVerifier [0x00007FF70A516CAD+3738973]
	GetHandleVerifier [0x00007FF70A56C506+4089270]
	GetHandleVerifier [0x00007FF70A564823+4057299]
	GetHandleVerifier [0x00007FF70A235C49+720121]
	(No symbol) [0x00007FF70A11126F]
	(No symbol) [0x00007FF70A10C304]
	(No symbol) [0x00007FF70A10C432]
	(No symbol) [0x00007FF70A0FBD04]
	BaseThreadInitThunk [0x00007FFE4133257D+29]
	RtlUserThreadStart [0x00007FFE42C6AA58+40]

	at java.base/jdk.internal.reflect.DirectConstructorHandleAccessor.newInstance(DirectConstructorHandleAccessor.java:62)
	at java.base/java.lang.reflect.Constructor.newInstanceWithCaller(Constructor.java:502)
	at java.base/java.lang.reflect.Constructor.newInstance(Constructor.java:486)
	at org.openqa.selenium.remote.W3CHandshakeResponse.lambda$errorHandler$0(W3CHandshakeResponse.java:62)
	at org.openqa.selenium.remote.HandshakeResponse.lambda$getResponseFunction$0(HandshakeResponse.java:30)
	at org.openqa.selenium.remote.ProtocolHandshake.lambda$createSession$0(ProtocolHandshake.java:126)
	at java.base/java.util.stream.ReferencePipeline$3$1.accept(ReferencePipeline.java:197)
	at java.base/java.util.Spliterators$ArraySpliterator.tryAdvance(Spliterators.java:1034)
	at java.base/java.util.stream.ReferencePipeline.forEachWithCancel(ReferencePipeline.java:129)
	at java.base/java.util.stream.AbstractPipeline.copyIntoWithCancel(AbstractPipeline.java:527)
	at java.base/java.util.stream.AbstractPipeline.copyInto(AbstractPipeline.java:513)
	at java.base/java.util.stream.AbstractPipeline.wrapAndCopyInto(AbstractPipeline.java:499)
	at java.base/java.util.stream.FindOps$FindOp.evaluateSequential(FindOps.java:150)
	at java.base/java.util.stream.AbstractPipeline.evaluate(AbstractPipeline.java:234)
	at java.base/java.util.stream.ReferencePipeline.findFirst(ReferencePipeline.java:647)
	at org.openqa.selenium.remote.ProtocolHandshake.createSession(ProtocolHandshake.java:128)
	at org.openqa.selenium.remote.ProtocolHandshake.createSession(ProtocolHandshake.java:74)
	at org.openqa.selenium.remote.HttpCommandExecutor.execute(HttpCommandExecutor.java:136)
	at org.openqa.selenium.remote.service.DriverCommandExecutor.execute(DriverCommandExecutor.java:83)
	at org.openqa.selenium.remote.RemoteWebDriver.execute(RemoteWebDriver.java:552)
	at org.openqa.selenium.remote.RemoteWebDriver.startSession(RemoteWebDriver.java:213)
	at org.openqa.selenium.remote.RemoteWebDriver.<init>(RemoteWebDriver.java:131)
	at org.openqa.selenium.chrome.ChromeDriver.<init>(ChromeDriver.java:181)
	at org.openqa.selenium.chrome.ChromeDriver.<init>(ChromeDriver.java:168)
	at org.openqa.selenium.chrome.ChromeDriver.<init>(ChromeDriver.java:157)
	at com.utility.CommonFile.launch(CommonFile.java:60)
	at com.profinch.obp.ProfinchSeleniumOBP.setup(ProfinchSeleniumOBP.java:50)
	at java.base/jdk.internal.reflect.DirectMethodHandleAccessor.invoke(DirectMethodHandleAccessor.java:103)
	at java.base/java.lang.reflect.Method.invoke(Method.java:580)
	at org.testng.internal.MethodInvocationHelper.invokeMethod(MethodInvocationHelper.java:104)
	at org.testng.internal.Invoker.invokeConfigurationMethod(Invoker.java:515)
	at org.testng.internal.Invoker.invokeConfigurations(Invoker.java:217)
	at org.testng.internal.Invoker.invokeConfigurations(Invoker.java:144)
	at org.testng.TestRunner.beforeRun(TestRunner.java:634)
	at org.testng.TestRunner.run(TestRunner.java:602)
	at org.testng.SuiteRunner.runTest(SuiteRunner.java:387)
	at org.testng.SuiteRunner.runSequentially(SuiteRunner.java:382)
	at org.testng.SuiteRunner.privateRun(SuiteRunner.java:340)
	at org.testng.SuiteRunner.run(SuiteRunner.java:289)
	at org.testng.SuiteRunnerWorker.runSuite(SuiteRunnerWorker.java:52)
	at org.testng.SuiteRunnerWorker.run(SuiteRunnerWorker.java:86)
	at org.testng.TestNG.runSuitesSequentially(TestNG.java:1293)
	at org.testng.TestNG.runSuitesLocally(TestNG.java:1218)
	at org.testng.TestNG.runSuites(TestNG.java:1133)
	at org.testng.TestNG.run(TestNG.java:1104)
	at org.testng.remote.AbstractRemoteTestNG.run(AbstractRemoteTestNG.java:115)
	at org.testng.remote.RemoteTestNG.initAndRun(RemoteTestNG.java:293)
	at org.testng.remote.RemoteTestNG.main(RemoteTestNG.java:91)
]]>
            </full-stacktrace>
          </exception> <!-- org.openqa.selenium.SessionNotCreatedException -->
          <reporter-output>
          </reporter-output>
        </test-method> <!-- setup -->
        <test-method signature="AutomationModule()[pri:0, instance:com.profinch.obp.ProfinchSeleniumOBP@655f7ea]" started-at="2024-05-11T16:33:17Z" name="AutomationModule" finished-at="2024-05-11T16:33:17Z" duration-ms="1" status="SKIP">
          <exception class="org.openqa.selenium.SessionNotCreatedException">
            <message>
              <![CDATA[session not created: This version of ChromeDriver only supports Chrome version 121
Current browser version is 124.0.6367.119 with binary path C:\Program Files\Google\Chrome\Application\chrome.exe
Build info: version: '3.141.59', revision: 'e82be7d358', time: '2018-11-14T08:17:03'
System info: host: 'IT-DEV-22', ip: '192.168.1.85', os.name: 'Windows 11', os.arch: 'amd64', os.version: '10.0', java.version: '21.0.2'
Driver info: driver.version: ChromeDriver
remote stacktrace: 	GetHandleVerifier [0x00007FF70A4E5E42+3538674]
	(No symbol) [0x00007FF70A104C02]
	(No symbol) [0x00007FF709FB5AEB]
	(No symbol) [0x00007FF709FEC512]
	(No symbol) [0x00007FF709FEB872]
	(No symbol) [0x00007FF709FE5106]
	(No symbol) [0x00007FF709FE21C8]
	(No symbol) [0x00007FF70A0294B9]
	(No symbol) [0x00007FF70A01EE53]
	(No symbol) [0x00007FF709FEF514]
	(No symbol) [0x00007FF709FF0631]
	GetHandleVerifier [0x00007FF70A516CAD+3738973]
	GetHandleVerifier [0x00007FF70A56C506+4089270]
	GetHandleVerifier [0x00007FF70A564823+4057299]
	GetHandleVerifier [0x00007FF70A235C49+720121]
	(No symbol) [0x00007FF70A11126F]
	(No symbol) [0x00007FF70A10C304]
	(No symbol) [0x00007FF70A10C432]
	(No symbol) [0x00007FF70A0FBD04]
	BaseThreadInitThunk [0x00007FFE4133257D+29]
	RtlUserThreadStart [0x00007FFE42C6AA58+40]
]]>
            </message>
            <full-stacktrace>
              <![CDATA[org.openqa.selenium.SessionNotCreatedException: session not created: This version of ChromeDriver only supports Chrome version 121
Current browser version is 124.0.6367.119 with binary path C:\Program Files\Google\Chrome\Application\chrome.exe
Build info: version: '3.141.59', revision: 'e82be7d358', time: '2018-11-14T08:17:03'
System info: host: 'IT-DEV-22', ip: '192.168.1.85', os.name: 'Windows 11', os.arch: 'amd64', os.version: '10.0', java.version: '21.0.2'
Driver info: driver.version: ChromeDriver
remote stacktrace: 	GetHandleVerifier [0x00007FF70A4E5E42+3538674]
	(No symbol) [0x00007FF70A104C02]
	(No symbol) [0x00007FF709FB5AEB]
	(No symbol) [0x00007FF709FEC512]
	(No symbol) [0x00007FF709FEB872]
	(No symbol) [0x00007FF709FE5106]
	(No symbol) [0x00007FF709FE21C8]
	(No symbol) [0x00007FF70A0294B9]
	(No symbol) [0x00007FF70A01EE53]
	(No symbol) [0x00007FF709FEF514]
	(No symbol) [0x00007FF709FF0631]
	GetHandleVerifier [0x00007FF70A516CAD+3738973]
	GetHandleVerifier [0x00007FF70A56C506+4089270]
	GetHandleVerifier [0x00007FF70A564823+4057299]
	GetHandleVerifier [0x00007FF70A235C49+720121]
	(No symbol) [0x00007FF70A11126F]
	(No symbol) [0x00007FF70A10C304]
	(No symbol) [0x00007FF70A10C432]
	(No symbol) [0x00007FF70A0FBD04]
	BaseThreadInitThunk [0x00007FFE4133257D+29]
	RtlUserThreadStart [0x00007FFE42C6AA58+40]

	at java.base/jdk.internal.reflect.DirectConstructorHandleAccessor.newInstance(DirectConstructorHandleAccessor.java:62)
	at java.base/java.lang.reflect.Constructor.newInstanceWithCaller(Constructor.java:502)
	at java.base/java.lang.reflect.Constructor.newInstance(Constructor.java:486)
	at org.openqa.selenium.remote.W3CHandshakeResponse.lambda$errorHandler$0(W3CHandshakeResponse.java:62)
	at org.openqa.selenium.remote.HandshakeResponse.lambda$getResponseFunction$0(HandshakeResponse.java:30)
	at org.openqa.selenium.remote.ProtocolHandshake.lambda$createSession$0(ProtocolHandshake.java:126)
	at java.base/java.util.stream.ReferencePipeline$3$1.accept(ReferencePipeline.java:197)
	at java.base/java.util.Spliterators$ArraySpliterator.tryAdvance(Spliterators.java:1034)
	at java.base/java.util.stream.ReferencePipeline.forEachWithCancel(ReferencePipeline.java:129)
	at java.base/java.util.stream.AbstractPipeline.copyIntoWithCancel(AbstractPipeline.java:527)
	at java.base/java.util.stream.AbstractPipeline.copyInto(AbstractPipeline.java:513)
	at java.base/java.util.stream.AbstractPipeline.wrapAndCopyInto(AbstractPipeline.java:499)
	at java.base/java.util.stream.FindOps$FindOp.evaluateSequential(FindOps.java:150)
	at java.base/java.util.stream.AbstractPipeline.evaluate(AbstractPipeline.java:234)
	at java.base/java.util.stream.ReferencePipeline.findFirst(ReferencePipeline.java:647)
	at org.openqa.selenium.remote.ProtocolHandshake.createSession(ProtocolHandshake.java:128)
	at org.openqa.selenium.remote.ProtocolHandshake.createSession(ProtocolHandshake.java:74)
	at org.openqa.selenium.remote.HttpCommandExecutor.execute(HttpCommandExecutor.java:136)
	at org.openqa.selenium.remote.service.DriverCommandExecutor.execute(DriverCommandExecutor.java:83)
	at org.openqa.selenium.remote.RemoteWebDriver.execute(RemoteWebDriver.java:552)
	at org.openqa.selenium.remote.RemoteWebDriver.startSession(RemoteWebDriver.java:213)
	at org.openqa.selenium.remote.RemoteWebDriver.<init>(RemoteWebDriver.java:131)
	at org.openqa.selenium.chrome.ChromeDriver.<init>(ChromeDriver.java:181)
	at org.openqa.selenium.chrome.ChromeDriver.<init>(ChromeDriver.java:168)
	at org.openqa.selenium.chrome.ChromeDriver.<init>(ChromeDriver.java:157)
	at com.utility.CommonFile.launch(CommonFile.java:60)
	at com.profinch.obp.ProfinchSeleniumOBP.setup(ProfinchSeleniumOBP.java:50)
	at java.base/jdk.internal.reflect.DirectMethodHandleAccessor.invoke(DirectMethodHandleAccessor.java:103)
	at java.base/java.lang.reflect.Method.invoke(Method.java:580)
	at org.testng.internal.MethodInvocationHelper.invokeMethod(MethodInvocationHelper.java:104)
	at org.testng.internal.Invoker.invokeConfigurationMethod(Invoker.java:515)
	at org.testng.internal.Invoker.invokeConfigurations(Invoker.java:217)
	at org.testng.internal.Invoker.invokeConfigurations(Invoker.java:144)
	at org.testng.TestRunner.beforeRun(TestRunner.java:634)
	at org.testng.TestRunner.run(TestRunner.java:602)
	at org.testng.SuiteRunner.runTest(SuiteRunner.java:387)
	at org.testng.SuiteRunner.runSequentially(SuiteRunner.java:382)
	at org.testng.SuiteRunner.privateRun(SuiteRunner.java:340)
	at org.testng.SuiteRunner.run(SuiteRunner.java:289)
	at org.testng.SuiteRunnerWorker.runSuite(SuiteRunnerWorker.java:52)
	at org.testng.SuiteRunnerWorker.run(SuiteRunnerWorker.java:86)
	at org.testng.TestNG.runSuitesSequentially(TestNG.java:1293)
	at org.testng.TestNG.runSuitesLocally(TestNG.java:1218)
	at org.testng.TestNG.runSuites(TestNG.java:1133)
	at org.testng.TestNG.run(TestNG.java:1104)
	at org.testng.remote.AbstractRemoteTestNG.run(AbstractRemoteTestNG.java:115)
	at org.testng.remote.RemoteTestNG.initAndRun(RemoteTestNG.java:293)
	at org.testng.remote.RemoteTestNG.main(RemoteTestNG.java:91)
]]>
            </full-stacktrace>
          </exception> <!-- org.openqa.selenium.SessionNotCreatedException -->
          <reporter-output>
          </reporter-output>
        </test-method> <!-- AutomationModule -->
        <test-method is-config="true" signature="teardown()[pri:0, instance:com.profinch.obp.ProfinchSeleniumOBP@655f7ea]" started-at="2024-05-11T16:33:17Z" name="teardown" finished-at="2024-05-11T16:33:17Z" duration-ms="0" status="SKIP">
          <reporter-output>
          </reporter-output>
        </test-method> <!-- teardown -->
      </class> <!-- com.profinch.obp.ProfinchSeleniumOBP -->
    </test> <!-- Default test -->
  </suite> <!-- Default suite -->
</testng-results>
