<?xml version="1.0" encoding="UTF-8"?>
<!-- Generated by org.testng.reporters.JUnitXMLReporter -->
<testsuite ignored="0" hostname="IT-DEV-22" failures="0" tests="1" name="Test1 Testcase in chrome" time="1.568" errors="0" timestamp="01 Feb 2024 09:54:26 GMT">
  <testcase classname="com.profinch.obp.ProfinchSeleniumOBP" name="@BeforeTest setup" time="0.0">
    <failure type="org.openqa.selenium.SessionNotCreatedException" message="session not created: This version of ChromeDriver only supports Chrome version 118
Current browser version is 121.0.6167.140 with binary path C:\Program Files\Google\Chrome\Application\chrome.exe
Build info: version: &amp;apos;unknown&amp;apos;, revision: &amp;apos;e82be7d358&amp;apos;, time: &amp;apos;2018-11-14T08:24:01&amp;apos;
System info: host: &amp;apos;IT-DEV-22&amp;apos;, ip: &amp;apos;10.200.207.119&amp;apos;, os.name: &amp;apos;Windows 11&amp;apos;, os.arch: &amp;apos;amd64&amp;apos;, os.version: &amp;apos;10.0&amp;apos;, java.version: &amp;apos;21.0.1&amp;apos;
Driver info: driver.version: ChromeDriver
remote stacktrace: 	GetHandleVerifier [0x00007FF78E3E8EF2+54786]
	(No symbol) [0x00007FF78E355612]
	(No symbol) [0x00007FF78E20A64B]
	(No symbol) [0x00007FF78E23DC22]
	(No symbol) [0x00007FF78E23D07C]
	(No symbol) [0x00007FF78E237E03]
	(No symbol) [0x00007FF78E2353BE]
	(No symbol) [0x00007FF78E273FBB]
	(No symbol) [0x00007FF78E273A30]
	(No symbol) [0x00007FF78E26BC43]
	(No symbol) [0x00007FF78E240941]
	(No symbol) [0x00007FF78E241B84]
	GetHandleVerifier [0x00007FF78E737F52+3524194]
	GetHandleVerifier [0x00007FF78E78D800+3874576]
	GetHandleVerifier [0x00007FF78E785D7F+3843215]
	GetHandleVerifier [0x00007FF78E485086+694166]
	(No symbol) [0x00007FF78E360A88]
	(No symbol) [0x00007FF78E35CA94]
	(No symbol) [0x00007FF78E35CBC2]
	(No symbol) [0x00007FF78E34CC83]
	BaseThreadInitThunk [0x00007FFB2EB8257D+29]
	RtlUserThreadStart [0x00007FFB2FFEAA58+40]
">
      <![CDATA[org.openqa.selenium.SessionNotCreatedException: session not created: This version of ChromeDriver only supports Chrome version 118
Current browser version is 121.0.6167.140 with binary path C:\Program Files\Google\Chrome\Application\chrome.exe
Build info: version: 'unknown', revision: 'e82be7d358', time: '2018-11-14T08:24:01'
System info: host: 'IT-DEV-22', ip: '10.200.207.119', os.name: 'Windows 11', os.arch: 'amd64', os.version: '10.0', java.version: '21.0.1'
Driver info: driver.version: ChromeDriver
remote stacktrace: 	GetHandleVerifier [0x00007FF78E3E8EF2+54786]
	(No symbol) [0x00007FF78E355612]
	(No symbol) [0x00007FF78E20A64B]
	(No symbol) [0x00007FF78E23DC22]
	(No symbol) [0x00007FF78E23D07C]
	(No symbol) [0x00007FF78E237E03]
	(No symbol) [0x00007FF78E2353BE]
	(No symbol) [0x00007FF78E273FBB]
	(No symbol) [0x00007FF78E273A30]
	(No symbol) [0x00007FF78E26BC43]
	(No symbol) [0x00007FF78E240941]
	(No symbol) [0x00007FF78E241B84]
	GetHandleVerifier [0x00007FF78E737F52+3524194]
	GetHandleVerifier [0x00007FF78E78D800+3874576]
	GetHandleVerifier [0x00007FF78E785D7F+3843215]
	GetHandleVerifier [0x00007FF78E485086+694166]
	(No symbol) [0x00007FF78E360A88]
	(No symbol) [0x00007FF78E35CA94]
	(No symbol) [0x00007FF78E35CBC2]
	(No symbol) [0x00007FF78E34CC83]
	BaseThreadInitThunk [0x00007FFB2EB8257D+29]
	RtlUserThreadStart [0x00007FFB2FFEAA58+40]

	at org.openqa.selenium.remote.W3CHandshakeResponse.lambda$errorHandler$0(W3CHandshakeResponse.java:62)
	at org.openqa.selenium.remote.HandshakeResponse.lambda$getResponseFunction$0(HandshakeResponse.java:30)
	at org.openqa.selenium.remote.ProtocolHandshake.lambda$createSession$0(ProtocolHandshake.java:126)
	at java.base/java.util.stream.ReferencePipeline$3$1.accept(ReferencePipeline.java:197)
	at java.base/java.util.Spliterators$ArraySpliterator.tryAdvance(Spliterators.java:1034)
	at java.base/java.util.stream.ReferencePipeline.forEachWithCancel(ReferencePipeline.java:129)
	at java.base/java.util.stream.AbstractPipeline.copyIntoWithCancel(AbstractPipeline.java:527)
	at java.base/java.util.stream.AbstractPipeline.copyInto(AbstractPipeline.java:513)
	at java.base/java.util.stream.AbstractPipeline.wrapAndCopyInto(AbstractPipeline.java:499)
	at java.base/java.util.stream.FindOps$FindOp.evaluateSequential(FindOps.java:150)
	at java.base/java.util.stream.AbstractPipeline.evaluate(AbstractPipeline.java:234)
	at java.base/java.util.stream.ReferencePipeline.findFirst(ReferencePipeline.java:647)
	at org.openqa.selenium.remote.ProtocolHandshake.createSession(ProtocolHandshake.java:128)
	at org.openqa.selenium.remote.ProtocolHandshake.createSession(ProtocolHandshake.java:74)
	at org.openqa.selenium.remote.HttpCommandExecutor.execute(HttpCommandExecutor.java:136)
	at org.openqa.selenium.remote.service.DriverCommandExecutor.execute(DriverCommandExecutor.java:83)
	at org.openqa.selenium.remote.RemoteWebDriver.execute(RemoteWebDriver.java:552)
	at org.openqa.selenium.remote.RemoteWebDriver.startSession(RemoteWebDriver.java:213)
	at org.openqa.selenium.remote.RemoteWebDriver.<init>(RemoteWebDriver.java:131)
	at org.openqa.selenium.chrome.ChromeDriver.<init>(ChromeDriver.java:181)
	at org.openqa.selenium.chrome.ChromeDriver.<init>(ChromeDriver.java:168)
	at org.openqa.selenium.chrome.ChromeDriver.<init>(ChromeDriver.java:157)
	at com.utility.CommonFile.launch(CommonFile.java:61)
	at com.profinch.obp.ProfinchSeleniumOBP.setup(ProfinchSeleniumOBP.java:50)
	at com.profinch.obp.TestNGMainClass.main(TestNGMainClass.java:18)
... Removed 21 stack frames]]>
    </failure>
  </testcase> <!-- @BeforeTest setup -->
  <testcase classname="com.profinch.obp.ProfinchSeleniumOBP" name="@AfterTest teardown" time="0.0">
    <skipped/>
  </testcase> <!-- @AfterTest teardown -->
  <testcase classname="com.profinch.obp.ProfinchSeleniumOBP" name="AutomationModule" time="0.0">
    <skipped/>
  </testcase> <!-- AutomationModule -->
</testsuite> <!-- Test1 Testcase in chrome -->
