<!DOCTYPE html PUBLIC "-//W3C//DTD XHTML 1.1//EN" "http://www.w3.org/TR/xhtml11/DTD/xhtml11.dtd">
<html xmlns="http://www.w3.org/1999/xhtml"><head><title>TestNG Report</title><style type="text/css">table {margin-bottom:10px;border-collapse:collapse;empty-cells:show}th,td {border:1px solid #009;padding:.25em .5em}th {vertical-align:bottom}td {vertical-align:top}table a {font-weight:bold}.stripe td {background-color: #E6EBF9}.num {text-align:right}.passedodd td {background-color: #3F3}.passedeven td {background-color: #0A0}.skippedodd td {background-color: #DDD}.skippedeven td {background-color: #CCC}.failedodd td,.attn {background-color: #F33}.failedeven td,.stripe .attn {background-color: #D00}.stacktrace {white-space:pre;font-family:monospace}.totop {font-size:85%;text-align:center;border-bottom:2px solid #000}</style></head><body><table><tr><th>Test</th><th># Passed</th><th># Skipped</th><th># Failed</th><th>Time (ms)</th><th>Included Groups</th><th>Excluded Groups</th></tr><tr><th colspan="7">LoginTest</th></tr><tr><td><a href="#t0">Test1 Testcase in chrome</a></td><td class="num">0</td><td class="num attn">1</td><td class="num">0</td><td class="num">1,568</td><td></td><td></td></tr></table><table><thead><tr><th>Class</th><th>Method</th><th>Start</th><th>Time (ms)</th></tr></thead><tbody><tr><th colspan="4">LoginTest</th></tr></tbody><tbody id="t0"><tr><th colspan="4">Test1 Testcase in chrome &#8212; failed (configuration methods)</th></tr><tr class="failedeven"><td rowspan="1">com.profinch.obp.ProfinchSeleniumOBP</td><td><a href="#m0">setup</a></td><td rowspan="1">1706781265089</td><td rowspan="1">0</td></tr><tr><th colspan="4">Test1 Testcase in chrome &#8212; skipped (configuration methods)</th></tr><tr class="skippedeven"><td rowspan="1">com.profinch.obp.ProfinchSeleniumOBP</td><td><a href="#m1">teardown</a></td><td rowspan="1">1706781266657</td><td rowspan="1">0</td></tr><tr><th colspan="4">Test1 Testcase in chrome &#8212; skipped</th></tr><tr class="skippedeven"><td rowspan="1">com.profinch.obp.ProfinchSeleniumOBP</td><td><a href="#m2">AutomationModule</a></td><td rowspan="1">1706781266657</td><td rowspan="1">0</td></tr></tbody></table><h2>Test1 Testcase in chrome</h2><h3 id="m0">com.profinch.obp.ProfinchSeleniumOBP#setup</h3><table class="result"><tr><th>Exception</th></tr><tr><td><div class="stacktrace">org.openqa.selenium.SessionNotCreatedException: session not created: This version of ChromeDriver only supports Chrome version 118
Current browser version is 121.0.6167.140 with binary path C:\Program Files\Google\Chrome\Application\chrome.exe
Build info: version: &apos;unknown&apos;, revision: &apos;e82be7d358&apos;, time: &apos;2018-11-14T08:24:01&apos;
System info: host: &apos;IT-DEV-22&apos;, ip: &apos;10.200.207.119&apos;, os.name: &apos;Windows 11&apos;, os.arch: &apos;amd64&apos;, os.version: &apos;10.0&apos;, java.version: &apos;21.0.1&apos;
Driver info: driver.version: ChromeDriver
remote stacktrace: 	GetHandleVerifier [0x00007FF78E3E8EF2+54786]
	(No symbol) [0x00007FF78E355612]
	(No symbol) [0x00007FF78E20A64B]
	(No symbol) [0x00007FF78E23DC22]
	(No symbol) [0x00007FF78E23D07C]
	(No symbol) [0x00007FF78E237E03]
	(No symbol) [0x00007FF78E2353BE]
	(No symbol) [0x00007FF78E273FBB]
	(No symbol) [0x00007FF78E273A30]
	(No symbol) [0x00007FF78E26BC43]
	(No symbol) [0x00007FF78E240941]
	(No symbol) [0x00007FF78E241B84]
	GetHandleVerifier [0x00007FF78E737F52+3524194]
	GetHandleVerifier [0x00007FF78E78D800+3874576]
	GetHandleVerifier [0x00007FF78E785D7F+3843215]
	GetHandleVerifier [0x00007FF78E485086+694166]
	(No symbol) [0x00007FF78E360A88]
	(No symbol) [0x00007FF78E35CA94]
	(No symbol) [0x00007FF78E35CBC2]
	(No symbol) [0x00007FF78E34CC83]
	BaseThreadInitThunk [0x00007FFB2EB8257D+29]
	RtlUserThreadStart [0x00007FFB2FFEAA58+40]

	at org.openqa.selenium.remote.W3CHandshakeResponse.lambda$errorHandler$0(W3CHandshakeResponse.java:62)
	at org.openqa.selenium.remote.HandshakeResponse.lambda$getResponseFunction$0(HandshakeResponse.java:30)
	at org.openqa.selenium.remote.ProtocolHandshake.lambda$createSession$0(ProtocolHandshake.java:126)
	at java.base/java.util.stream.ReferencePipeline$3$1.accept(ReferencePipeline.java:197)
	at java.base/java.util.Spliterators$ArraySpliterator.tryAdvance(Spliterators.java:1034)
	at java.base/java.util.stream.ReferencePipeline.forEachWithCancel(ReferencePipeline.java:129)
	at java.base/java.util.stream.AbstractPipeline.copyIntoWithCancel(AbstractPipeline.java:527)
	at java.base/java.util.stream.AbstractPipeline.copyInto(AbstractPipeline.java:513)
	at java.base/java.util.stream.AbstractPipeline.wrapAndCopyInto(AbstractPipeline.java:499)
	at java.base/java.util.stream.FindOps$FindOp.evaluateSequential(FindOps.java:150)
	at java.base/java.util.stream.AbstractPipeline.evaluate(AbstractPipeline.java:234)
	at java.base/java.util.stream.ReferencePipeline.findFirst(ReferencePipeline.java:647)
	at org.openqa.selenium.remote.ProtocolHandshake.createSession(ProtocolHandshake.java:128)
	at org.openqa.selenium.remote.ProtocolHandshake.createSession(ProtocolHandshake.java:74)
	at org.openqa.selenium.remote.HttpCommandExecutor.execute(HttpCommandExecutor.java:136)
	at org.openqa.selenium.remote.service.DriverCommandExecutor.execute(DriverCommandExecutor.java:83)
	at org.openqa.selenium.remote.RemoteWebDriver.execute(RemoteWebDriver.java:552)
	at org.openqa.selenium.remote.RemoteWebDriver.startSession(RemoteWebDriver.java:213)
	at org.openqa.selenium.remote.RemoteWebDriver.&lt;init&gt;(RemoteWebDriver.java:131)
	at org.openqa.selenium.chrome.ChromeDriver.&lt;init&gt;(ChromeDriver.java:181)
	at org.openqa.selenium.chrome.ChromeDriver.&lt;init&gt;(ChromeDriver.java:168)
	at org.openqa.selenium.chrome.ChromeDriver.&lt;init&gt;(ChromeDriver.java:157)
	at com.utility.CommonFile.launch(CommonFile.java:61)
	at com.profinch.obp.ProfinchSeleniumOBP.setup(ProfinchSeleniumOBP.java:50)
	at com.profinch.obp.TestNGMainClass.main(TestNGMainClass.java:18)
... Removed 21 stack frames</div></td></tr></table><p class="totop"><a href="#summary">back to summary</a></p><h3 id="m1">com.profinch.obp.ProfinchSeleniumOBP#teardown</h3><table class="result"></table><p class="totop"><a href="#summary">back to summary</a></p><h3 id="m2">com.profinch.obp.ProfinchSeleniumOBP#AutomationModule</h3><table class="result"><tr><th>Exception</th></tr><tr><td><div class="stacktrace">org.openqa.selenium.SessionNotCreatedException: session not created: This version of ChromeDriver only supports Chrome version 118
Current browser version is 121.0.6167.140 with binary path C:\Program Files\Google\Chrome\Application\chrome.exe
Build info: version: &apos;unknown&apos;, revision: &apos;e82be7d358&apos;, time: &apos;2018-11-14T08:24:01&apos;
System info: host: &apos;IT-DEV-22&apos;, ip: &apos;10.200.207.119&apos;, os.name: &apos;Windows 11&apos;, os.arch: &apos;amd64&apos;, os.version: &apos;10.0&apos;, java.version: &apos;21.0.1&apos;
Driver info: driver.version: ChromeDriver
remote stacktrace: 	GetHandleVerifier [0x00007FF78E3E8EF2+54786]
	(No symbol) [0x00007FF78E355612]
	(No symbol) [0x00007FF78E20A64B]
	(No symbol) [0x00007FF78E23DC22]
	(No symbol) [0x00007FF78E23D07C]
	(No symbol) [0x00007FF78E237E03]
	(No symbol) [0x00007FF78E2353BE]
	(No symbol) [0x00007FF78E273FBB]
	(No symbol) [0x00007FF78E273A30]
	(No symbol) [0x00007FF78E26BC43]
	(No symbol) [0x00007FF78E240941]
	(No symbol) [0x00007FF78E241B84]
	GetHandleVerifier [0x00007FF78E737F52+3524194]
	GetHandleVerifier [0x00007FF78E78D800+3874576]
	GetHandleVerifier [0x00007FF78E785D7F+3843215]
	GetHandleVerifier [0x00007FF78E485086+694166]
	(No symbol) [0x00007FF78E360A88]
	(No symbol) [0x00007FF78E35CA94]
	(No symbol) [0x00007FF78E35CBC2]
	(No symbol) [0x00007FF78E34CC83]
	BaseThreadInitThunk [0x00007FFB2EB8257D+29]
	RtlUserThreadStart [0x00007FFB2FFEAA58+40]

	at org.openqa.selenium.remote.W3CHandshakeResponse.lambda$errorHandler$0(W3CHandshakeResponse.java:62)
	at org.openqa.selenium.remote.HandshakeResponse.lambda$getResponseFunction$0(HandshakeResponse.java:30)
	at org.openqa.selenium.remote.ProtocolHandshake.lambda$createSession$0(ProtocolHandshake.java:126)
	at java.base/java.util.stream.ReferencePipeline$3$1.accept(ReferencePipeline.java:197)
	at java.base/java.util.Spliterators$ArraySpliterator.tryAdvance(Spliterators.java:1034)
	at java.base/java.util.stream.ReferencePipeline.forEachWithCancel(ReferencePipeline.java:129)
	at java.base/java.util.stream.AbstractPipeline.copyIntoWithCancel(AbstractPipeline.java:527)
	at java.base/java.util.stream.AbstractPipeline.copyInto(AbstractPipeline.java:513)
	at java.base/java.util.stream.AbstractPipeline.wrapAndCopyInto(AbstractPipeline.java:499)
	at java.base/java.util.stream.FindOps$FindOp.evaluateSequential(FindOps.java:150)
	at java.base/java.util.stream.AbstractPipeline.evaluate(AbstractPipeline.java:234)
	at java.base/java.util.stream.ReferencePipeline.findFirst(ReferencePipeline.java:647)
	at org.openqa.selenium.remote.ProtocolHandshake.createSession(ProtocolHandshake.java:128)
	at org.openqa.selenium.remote.ProtocolHandshake.createSession(ProtocolHandshake.java:74)
	at org.openqa.selenium.remote.HttpCommandExecutor.execute(HttpCommandExecutor.java:136)
	at org.openqa.selenium.remote.service.DriverCommandExecutor.execute(DriverCommandExecutor.java:83)
	at org.openqa.selenium.remote.RemoteWebDriver.execute(RemoteWebDriver.java:552)
	at org.openqa.selenium.remote.RemoteWebDriver.startSession(RemoteWebDriver.java:213)
	at org.openqa.selenium.remote.RemoteWebDriver.&lt;init&gt;(RemoteWebDriver.java:131)
	at org.openqa.selenium.chrome.ChromeDriver.&lt;init&gt;(ChromeDriver.java:181)
	at org.openqa.selenium.chrome.ChromeDriver.&lt;init&gt;(ChromeDriver.java:168)
	at org.openqa.selenium.chrome.ChromeDriver.&lt;init&gt;(ChromeDriver.java:157)
	at com.utility.CommonFile.launch(CommonFile.java:61)
	at com.profinch.obp.ProfinchSeleniumOBP.setup(ProfinchSeleniumOBP.java:50)
	at com.profinch.obp.TestNGMainClass.main(TestNGMainClass.java:18)
... Removed 21 stack frames</div></td></tr></table><p class="totop"><a href="#summary">back to summary</a></p></body></html>